<?xml version="1.0" encoding="UTF-8"?>
<!-- Generated by org.testng.reporters.JUnitReportReporter -->
<testsuite skipped="0" hostname="B04SMK19" name="access.testcases.HomeTest" tests="1" failures="0" timestamp="22 Aug 2019 14:01:33 GMT" time="5.064" errors="0">
  <testcase name="openRemoteModemPage" time="5.064" classname="access.testcases.HomeTest"/>
</testsuite> <!-- access.testcases.HomeTest -->
