<?xml version="1.0" encoding="UTF-8"?>
<!-- Generated by org.testng.reporters.JUnitReportReporter -->
<testsuite skipped="0" hostname="B04SMK19" name="accesscare.manageWifiModel.WorkFlow" tests="1" failures="0" timestamp="03 Sep 2019 13:48:52 GMT" time="120.104" errors="0">
  <testcase name="PrimaryWiFiOnandOff_185423" time="120.104" classname="accesscare.manageWifiModel.WorkFlow"/>
</testsuite> <!-- accesscare.manageWifiModel.WorkFlow -->
