<?xml version="1.0" encoding="UTF-8"?>
<!-- Generated by org.testng.reporters.JUnitReportReporter -->
<testsuite skipped="0" hostname="B04SMK19" name="access.testdata.LoginTest" tests="2" failures="0" timestamp="20 Aug 2019 18:07:33 GMT" time="9.218" errors="0">
  <testcase name="verifyTitle" time="3.125" classname="access.testdata.LoginTest"/>
  <testcase name="loginTest" time="6.093" classname="access.testdata.LoginTest"/>
</testsuite> <!-- access.testdata.LoginTest -->
