<?xml version="1.0" encoding="UTF-8"?>
<!-- Generated by org.testng.reporters.JUnitReportReporter -->
<testsuite skipped="0" hostname="B04SMK19" name="amazonTest.BuyKindle" tests="1" failures="0" timestamp="11 Jan 2022 16:58:44 GMT" time="36.210" errors="0">
  <testcase name="buyingKindle" time="36.210" classname="amazonTest.BuyKindle"/>
</testsuite> <!-- amazonTest.BuyKindle -->
