<?xml version="1.0" encoding="UTF-8"?>
<!-- Generated by org.testng.reporters.JUnitReportReporter -->
<testsuite skipped="0" hostname="B04SMK19" name="access.testcases.RemoteModemPageTest" tests="1" failures="0" timestamp="04 Oct 2019 14:05:58 GMT" time="82.555" errors="0">
  <testcase name="navigateToVirtualModem" time="82.555" classname="access.testcases.RemoteModemPageTest"/>
</testsuite> <!-- access.testcases.RemoteModemPageTest -->
